<?xml version="1.0" encoding="UTF-8"?>
<testsuite name="TestNGTest-ccd04439-4d4e-4a34-bf01-b2093223e0be"
           tests="5"
           failures="0"
           errors="0"
           skipped="0"
           time="0.007">
    <properties></properties>



            <testcase
                name="stockGetterSetter"
                time="0.001"
                classname="com.skillstorm.warehouse_management.models.ProductInventoryTest">
            </testcase>
            <testcase
                name="warehouseGetterSetter"
                time="0.001"
                classname="com.skillstorm.warehouse_management.models.ProductInventoryTest">
            </testcase>
            <testcase
                name="testToString"
                time="0.002"
                classname="com.skillstorm.warehouse_management.models.ProductInventoryTest">
            </testcase>
            <testcase
                name="productGetterSetter"
                time="0.001"
                classname="com.skillstorm.warehouse_management.models.ProductInventoryTest">
            </testcase>
            <testcase
                name="idGetterSetter"
                time="0.002"
                classname="com.skillstorm.warehouse_management.models.ProductInventoryTest">
            </testcase>
</testsuite>
