<?xml version="1.0" encoding="UTF-8"?>
<testsuite name="TestNGTest-ccd04439-4d4e-4a34-bf01-b2093223e0be"
           tests="6"
           failures="0"
           errors="0"
           skipped="0"
           time="0.169">
    <properties></properties>



            <testcase
                name="testToString"
                time="0.022"
                classname="com.skillstorm.warehouse_management.models.ProductTest">
            </testcase>
            <testcase
                name="productInventoriesGetterSetter"
                time="0.001"
                classname="com.skillstorm.warehouse_management.models.ProductTest">
            </testcase>
            <testcase
                name="nameGetterSetter"
                time="0.001"
                classname="com.skillstorm.warehouse_management.models.ProductTest">
            </testcase>
            <testcase
                name="priceGetterSetter"
                time="0.001"
                classname="com.skillstorm.warehouse_management.models.ProductTest">
            </testcase>
            <testcase
                name="idGetterSetter"
                time="0.001"
                classname="com.skillstorm.warehouse_management.models.ProductTest">
            </testcase>
            <testcase
                name="categoryGetterSetter"
                time="0.143"
                classname="com.skillstorm.warehouse_management.models.ProductTest">
            </testcase>
</testsuite>
