<?xml version="1.0" encoding="UTF-8"?>
<testsuite name="TestNGTest-ccd04439-4d4e-4a34-bf01-b2093223e0be"
           tests="7"
           failures="0"
           errors="0"
           skipped="0"
           time="0.010">
    <properties></properties>



            <testcase
                name="capcityGetterSetter"
                time="0.001"
                classname="com.skillstorm.warehouse_management.models.WarehouseTest">
            </testcase>
            <testcase
                name="nameGetterSetter"
                time="0.000"
                classname="com.skillstorm.warehouse_management.models.WarehouseTest">
            </testcase>
            <testcase
                name="productInventoriesGetterSetter"
                time="0.001"
                classname="com.skillstorm.warehouse_management.models.WarehouseTest">
            </testcase>
            <testcase
                name="addressGetterSetter"
                time="0.001"
                classname="com.skillstorm.warehouse_management.models.WarehouseTest">
            </testcase>
            <testcase
                name="InventoryCapacityGetter"
                time="0.004"
                classname="com.skillstorm.warehouse_management.models.WarehouseTest">
            </testcase>
            <testcase
                name="testToString"
                time="0.002"
                classname="com.skillstorm.warehouse_management.models.WarehouseTest">
            </testcase>
            <testcase
                name="idGetterSetter"
                time="0.001"
                classname="com.skillstorm.warehouse_management.models.WarehouseTest">
            </testcase>
</testsuite>
