<?xml version="1.0" encoding="UTF-8"?>
<testsuite name="TestNGTest-0ff00c21-027f-4522-8b58-645060c0e1c8"
           tests="1"
           failures="0"
           errors="0"
           skipped="0"
           time="0.164">
    <properties></properties>



            <testcase
                name="updateProductInventoryInvalidTest"
                time="0.164"
                classname="com.skillstorm.warehouse_management.services.ProductInventoryServiceTest">
            </testcase>
</testsuite>
