<?xml version="1.0" encoding="UTF-8"?>
<testsuite name="TestNGTest-ccd04439-4d4e-4a34-bf01-b2093223e0be"
           tests="2"
           failures="0"
           errors="0"
           skipped="0"
           time="0.005">
    <properties></properties>



            <testcase
                name="findCategoryByIdTest"
                time="0.002"
                classname="com.skillstorm.warehouse_management.controllers.CategoryControllerTest">
            </testcase>
            <testcase
                name="findAllCategoriesTest"
                time="0.003"
                classname="com.skillstorm.warehouse_management.controllers.CategoryControllerTest">
            </testcase>
</testsuite>
