<?xml version="1.0" encoding="UTF-8"?>
<testsuite name="TestNGTest-ccd04439-4d4e-4a34-bf01-b2093223e0be"
           tests="5"
           failures="0"
           errors="0"
           skipped="0"
           time="0.012">
    <properties></properties>



            <testcase
                name="updateWarehouseTest"
                time="0.003"
                classname="com.skillstorm.warehouse_management.controllers.WarehouseControllerTest">
            </testcase>
            <testcase
                name="deleteWarehouseTest"
                time="0.002"
                classname="com.skillstorm.warehouse_management.controllers.WarehouseControllerTest">
            </testcase>
            <testcase
                name="findAllWarehousesTest"
                time="0.002"
                classname="com.skillstorm.warehouse_management.controllers.WarehouseControllerTest">
            </testcase>
            <testcase
                name="createWarehouseTest"
                time="0.003"
                classname="com.skillstorm.warehouse_management.controllers.WarehouseControllerTest">
            </testcase>
            <testcase
                name="findWarehouseByIdTest"
                time="0.002"
                classname="com.skillstorm.warehouse_management.controllers.WarehouseControllerTest">
            </testcase>
</testsuite>
