<?xml version="1.0" encoding="UTF-8"?>
<testsuite name="TestNGTest-3c3aba2e-d02b-4dc4-b6dd-4078fad0af98"
           tests="5"
           failures="0"
           errors="0"
           skipped="0"
           time="0.010">
    <properties></properties>



            <testcase
                name="findAllProductsTest"
                time="0.002"
                classname="com.skillstorm.warehouse_management.controllers.ProductControllerTest">
            </testcase>
            <testcase
                name="createProductTest"
                time="0.004"
                classname="com.skillstorm.warehouse_management.controllers.ProductControllerTest">
            </testcase>
            <testcase
                name="findProductByIdTest"
                time="0.001"
                classname="com.skillstorm.warehouse_management.controllers.ProductControllerTest">
            </testcase>
            <testcase
                name="updateProductTest"
                time="0.001"
                classname="com.skillstorm.warehouse_management.controllers.ProductControllerTest">
            </testcase>
            <testcase
                name="deleteProductTest"
                time="0.002"
                classname="com.skillstorm.warehouse_management.controllers.ProductControllerTest">
            </testcase>
</testsuite>
