{"C:\\Users\\viann_bo8t5s6\\Desktop\\Viannez\\Project1_WarehouseManagement\\warehouse-frontend\\src\\categories\\Utils\\GetWarehouses.jsx": {"path":"C:\\Users\\viann_bo8t5s6\\Desktop\\Viannez\\Project1_WarehouseManagement\\warehouse-frontend\\src\\categories\\Utils\\GetWarehouses.jsx","statementMap":{"0":{"start":{"line":7,"column":14},"end":{"line":7,"column":16}},"1":{"start":{"line":8,"column":4},"end":{"line":14,"column":5}},"2":{"start":{"line":9,"column":8},"end":{"line":9,"column":108}},"3":{"start":{"line":12,"column":8},"end":{"line":12,"column":45}},"4":{"start":{"line":13,"column":8},"end":{"line":13,"column":104}},"5":{"start":{"line":15,"column":4},"end":{"line":15,"column":21}},"6":{"start":{"line":16,"column":40},"end":{"line":16,"column":52}},"7":{"start":{"line":18,"column":4},"end":{"line":26,"column":10}},"8":{"start":{"line":19,"column":8},"end":{"line":24,"column":59}},"9":{"start":{"line":20,"column":26},"end":{"line":20,"column":37}},"10":{"start":{"line":22,"column":16},"end":{"line":22,"column":44}},"11":{"start":{"line":24,"column":28},"end":{"line":24,"column":39}},"12":{"start":{"line":24,"column":40},"end":{"line":24,"column":56}},"13":{"start":{"line":28,"column":4},"end":{"line":28,"column":28}},"14":{"start":{"line":29,"column":4},"end":{"line":29,"column":22}}},"fnMap":{"0":{"name":"GetWarehouses","decl":{"start":{"line":5,"column":24},"end":{"line":5,"column":37}},"loc":{"start":{"line":5,"column":41},"end":{"line":30,"column":1}},"line":5},"1":{"name":"(anonymous_1)","decl":{"start":{"line":18,"column":14},"end":{"line":18,"column":15}},"loc":{"start":{"line":18,"column":20},"end":{"line":26,"column":5}},"line":18},"2":{"name":"(anonymous_2)","decl":{"start":{"line":20,"column":18},"end":{"line":20,"column":19}},"loc":{"start":{"line":20,"column":26},"end":{"line":20,"column":37}},"line":20},"3":{"name":"(anonymous_3)","decl":{"start":{"line":21,"column":18},"end":{"line":21,"column":19}},"loc":{"start":{"line":21,"column":34},"end":{"line":23,"column":13}},"line":21},"4":{"name":"(anonymous_4)","decl":{"start":{"line":24,"column":19},"end":{"line":24,"column":20}},"loc":{"start":{"line":24,"column":26},"end":{"line":24,"column":58}},"line":24}},"branchMap":{"0":{"loc":{"start":{"line":8,"column":4},"end":{"line":14,"column":5}},"type":"if","locations":[{"start":{"line":8,"column":4},"end":{"line":14,"column":5}},{"start":{"line":11,"column":8},"end":{"line":14,"column":5}}],"line":8}},"s":{"0":2,"1":2,"2":0,"3":2,"4":2,"5":2,"6":2,"7":2,"8":2,"9":0,"10":0,"11":0,"12":0,"13":2,"14":2},"f":{"0":2,"1":2,"2":0,"3":0,"4":0},"b":{"0":[0,2]},"_coverageSchema":"1a1c01bbd47fc00a2c39e90264f33305004495a9","hash":"525cda00349e60548024a5a4bacd8a9b114a6b13"}
,"C:\\Users\\viann_bo8t5s6\\Desktop\\Viannez\\Project1_WarehouseManagement\\warehouse-frontend\\src\\categories\\Warehouse\\AddWarehouse.jsx": {"path":"C:\\Users\\viann_bo8t5s6\\Desktop\\Viannez\\Project1_WarehouseManagement\\warehouse-frontend\\src\\categories\\Warehouse\\AddWarehouse.jsx","statementMap":{"0":{"start":{"line":6,"column":21},"end":{"line":78,"column":1}},"1":{"start":{"line":7,"column":34},"end":{"line":7,"column":46}},"2":{"start":{"line":8,"column":30},"end":{"line":8,"column":42}},"3":{"start":{"line":10,"column":20},"end":{"line":10,"column":109}},"4":{"start":{"line":11,"column":8},"end":{"line":11,"column":27}},"5":{"start":{"line":12,"column":21},"end":{"line":12,"column":43}},"6":{"start":{"line":14,"column":29},"end":{"line":18,"column":9}},"7":{"start":{"line":20,"column":8},"end":{"line":20,"column":33}},"8":{"start":{"line":22,"column":8},"end":{"line":22,"column":25}},"9":{"start":{"line":24,"column":8},"end":{"line":51,"column":11}},"10":{"start":{"line":31,"column":22},"end":{"line":31,"column":33}},"11":{"start":{"line":34,"column":12},"end":{"line":46,"column":13}},"12":{"start":{"line":36,"column":14},"end":{"line":36,"column":65}},"13":{"start":{"line":39,"column":17},"end":{"line":46,"column":13}},"14":{"start":{"line":41,"column":14},"end":{"line":41,"column":41}},"15":{"start":{"line":45,"column":14},"end":{"line":45,"column":36}},"16":{"start":{"line":49,"column":12},"end":{"line":49,"column":29}},"17":{"start":{"line":50,"column":12},"end":{"line":50,"column":36}},"18":{"start":{"line":54,"column":2},"end":{"line":77,"column":3}}},"fnMap":{"0":{"name":"(anonymous_0)","decl":{"start":{"line":6,"column":21},"end":{"line":6,"column":22}},"loc":{"start":{"line":6,"column":27},"end":{"line":78,"column":1}},"line":6},"1":{"name":"handleSubmit","decl":{"start":{"line":9,"column":13},"end":{"line":9,"column":25}},"loc":{"start":{"line":9,"column":29},"end":{"line":52,"column":5}},"line":9},"2":{"name":"(anonymous_2)","decl":{"start":{"line":31,"column":14},"end":{"line":31,"column":15}},"loc":{"start":{"line":31,"column":22},"end":{"line":31,"column":33}},"line":31},"3":{"name":"(anonymous_3)","decl":{"start":{"line":32,"column":14},"end":{"line":32,"column":15}},"loc":{"start":{"line":32,"column":32},"end":{"line":47,"column":9}},"line":32},"4":{"name":"(anonymous_4)","decl":{"start":{"line":48,"column":15},"end":{"line":48,"column":16}},"loc":{"start":{"line":48,"column":22},"end":{"line":51,"column":9}},"line":48}},"branchMap":{"0":{"loc":{"start":{"line":34,"column":12},"end":{"line":46,"column":13}},"type":"if","locations":[{"start":{"line":34,"column":12},"end":{"line":46,"column":13}},{"start":{"line":39,"column":17},"end":{"line":46,"column":13}}],"line":34},"1":{"loc":{"start":{"line":39,"column":17},"end":{"line":46,"column":13}},"type":"if","locations":[{"start":{"line":39,"column":17},"end":{"line":46,"column":13}},{"start":{"line":44,"column":16},"end":{"line":46,"column":13}}],"line":39},"2":{"loc":{"start":{"line":71,"column":8},"end":{"line":73,"column":16}},"type":"binary-expr","locations":[{"start":{"line":71,"column":8},"end":{"line":71,"column":15}},{"start":{"line":71,"column":19},"end":{"line":73,"column":16}}],"line":71}},"s":{"0":1,"1":0,"2":0,"3":0,"4":0,"5":0,"6":0,"7":0,"8":0,"9":0,"10":0,"11":0,"12":0,"13":0,"14":0,"15":0,"16":0,"17":0,"18":0},"f":{"0":0,"1":0,"2":0,"3":0,"4":0},"b":{"0":[0,0],"1":[0,0],"2":[0,0]},"_coverageSchema":"1a1c01bbd47fc00a2c39e90264f33305004495a9","hash":"3627ecc2cd142fafe7ee2f3b6789b98247452b40"}
,"C:\\Users\\viann_bo8t5s6\\Desktop\\Viannez\\Project1_WarehouseManagement\\warehouse-frontend\\src\\categories\\Warehouse\\AddWarehouseModal.jsx": {"path":"C:\\Users\\viann_bo8t5s6\\Desktop\\Viannez\\Project1_WarehouseManagement\\warehouse-frontend\\src\\categories\\Warehouse\\AddWarehouseModal.jsx","statementMap":{"0":{"start":{"line":10,"column":26},"end":{"line":10,"column":41}},"1":{"start":{"line":11,"column":22},"end":{"line":11,"column":42}},"2":{"start":{"line":11,"column":28},"end":{"line":11,"column":42}},"3":{"start":{"line":12,"column":21},"end":{"line":12,"column":40}},"4":{"start":{"line":12,"column":27},"end":{"line":12,"column":40}},"5":{"start":{"line":13,"column":2},"end":{"line":27,"column":4}}},"fnMap":{"0":{"name":"AddWarehouseModal","decl":{"start":{"line":8,"column":9},"end":{"line":8,"column":26}},"loc":{"start":{"line":9,"column":3},"end":{"line":28,"column":1}},"line":9},"1":{"name":"(anonymous_1)","decl":{"start":{"line":11,"column":22},"end":{"line":11,"column":23}},"loc":{"start":{"line":11,"column":28},"end":{"line":11,"column":42}},"line":11},"2":{"name":"(anonymous_2)","decl":{"start":{"line":12,"column":21},"end":{"line":12,"column":22}},"loc":{"start":{"line":12,"column":27},"end":{"line":12,"column":40}},"line":12}},"branchMap":{},"s":{"0":2,"1":2,"2":0,"3":2,"4":0,"5":2},"f":{"0":2,"1":0,"2":0},"b":{},"_coverageSchema":"1a1c01bbd47fc00a2c39e90264f33305004495a9","hash":"4f31293191c2d93bfaf2f15cc9131f3d7d271cc9"}
,"C:\\Users\\viann_bo8t5s6\\Desktop\\Viannez\\Project1_WarehouseManagement\\warehouse-frontend\\src\\categories\\Warehouse\\WarehouseCard.jsx": {"path":"C:\\Users\\viann_bo8t5s6\\Desktop\\Viannez\\Project1_WarehouseManagement\\warehouse-frontend\\src\\categories\\Warehouse\\WarehouseCard.jsx","statementMap":{"0":{"start":{"line":9,"column":29},"end":{"line":60,"column":1}},"1":{"start":{"line":13,"column":20},"end":{"line":13,"column":123}},"2":{"start":{"line":15,"column":8},"end":{"line":30,"column":11}},"3":{"start":{"line":21,"column":22},"end":{"line":21,"column":33}},"4":{"start":{"line":23,"column":12},"end":{"line":23,"column":37}},"5":{"start":{"line":26,"column":12},"end":{"line":26,"column":29}},"6":{"start":{"line":29,"column":12},"end":{"line":29,"column":37}},"7":{"start":{"line":32,"column":4},"end":{"line":59,"column":5}}},"fnMap":{"0":{"name":"(anonymous_0)","decl":{"start":{"line":9,"column":29},"end":{"line":9,"column":30}},"loc":{"start":{"line":9,"column":46},"end":{"line":60,"column":1}},"line":9},"1":{"name":"handleClick","decl":{"start":{"line":12,"column":13},"end":{"line":12,"column":24}},"loc":{"start":{"line":12,"column":28},"end":{"line":31,"column":5}},"line":12},"2":{"name":"(anonymous_2)","decl":{"start":{"line":21,"column":14},"end":{"line":21,"column":15}},"loc":{"start":{"line":21,"column":22},"end":{"line":21,"column":33}},"line":21},"3":{"name":"(anonymous_3)","decl":{"start":{"line":22,"column":14},"end":{"line":22,"column":15}},"loc":{"start":{"line":22,"column":32},"end":{"line":24,"column":9}},"line":22},"4":{"name":"(anonymous_4)","decl":{"start":{"line":25,"column":15},"end":{"line":25,"column":16}},"loc":{"start":{"line":25,"column":22},"end":{"line":27,"column":9}},"line":25},"5":{"name":"(anonymous_5)","decl":{"start":{"line":28,"column":14},"end":{"line":28,"column":15}},"loc":{"start":{"line":28,"column":20},"end":{"line":30,"column":9}},"line":28}},"branchMap":{},"s":{"0":1,"1":0,"2":0,"3":0,"4":0,"5":0,"6":0,"7":0},"f":{"0":0,"1":0,"2":0,"3":0,"4":0,"5":0},"b":{},"_coverageSchema":"1a1c01bbd47fc00a2c39e90264f33305004495a9","hash":"fd486b87b7a73d87fd0d5d6534b524ad8605be38"}
,"C:\\Users\\viann_bo8t5s6\\Desktop\\Viannez\\Project1_WarehouseManagement\\warehouse-frontend\\src\\categories\\Warehouse\\WarehouseList.jsx": {"path":"C:\\Users\\viann_bo8t5s6\\Desktop\\Viannez\\Project1_WarehouseManagement\\warehouse-frontend\\src\\categories\\Warehouse\\WarehouseList.jsx","statementMap":{"0":{"start":{"line":7,"column":22},"end":{"line":32,"column":1}},"1":{"start":{"line":8,"column":22},"end":{"line":8,"column":37}},"2":{"start":{"line":10,"column":4},"end":{"line":20,"column":5}},"3":{"start":{"line":13,"column":12},"end":{"line":13,"column":35}},"4":{"start":{"line":14,"column":12},"end":{"line":14,"column":51}},"5":{"start":{"line":14,"column":38},"end":{"line":14,"column":49}},"6":{"start":{"line":15,"column":12},"end":{"line":15,"column":18}},"7":{"start":{"line":17,"column":12},"end":{"line":17,"column":35}},"8":{"start":{"line":18,"column":12},"end":{"line":18,"column":63}},"9":{"start":{"line":18,"column":38},"end":{"line":18,"column":61}},"10":{"start":{"line":19,"column":12},"end":{"line":19,"column":18}},"11":{"start":{"line":22,"column":18},"end":{"line":22,"column":35}},"12":{"start":{"line":23,"column":4},"end":{"line":23,"column":23}},"13":{"start":{"line":24,"column":4},"end":{"line":31,"column":7}},"14":{"start":{"line":25,"column":8},"end":{"line":30,"column":48}}},"fnMap":{"0":{"name":"(anonymous_0)","decl":{"start":{"line":7,"column":22},"end":{"line":7,"column":23}},"loc":{"start":{"line":7,"column":35},"end":{"line":32,"column":1}},"line":7},"1":{"name":"(anonymous_1)","decl":{"start":{"line":14,"column":28},"end":{"line":14,"column":29}},"loc":{"start":{"line":14,"column":38},"end":{"line":14,"column":49}},"line":14},"2":{"name":"(anonymous_2)","decl":{"start":{"line":18,"column":28},"end":{"line":18,"column":29}},"loc":{"start":{"line":18,"column":38},"end":{"line":18,"column":61}},"line":18},"3":{"name":"(anonymous_3)","decl":{"start":{"line":24,"column":26},"end":{"line":24,"column":27}},"loc":{"start":{"line":25,"column":8},"end":{"line":30,"column":48}},"line":25}},"branchMap":{"0":{"loc":{"start":{"line":10,"column":4},"end":{"line":20,"column":5}},"type":"switch","locations":[{"start":{"line":12,"column":8},"end":{"line":15,"column":18}},{"start":{"line":16,"column":8},"end":{"line":19,"column":18}}],"line":10},"1":{"loc":{"start":{"line":25,"column":8},"end":{"line":30,"column":48}},"type":"cond-expr","locations":[{"start":{"line":26,"column":8},"end":{"line":29,"column":10}},{"start":{"line":30,"column":9},"end":{"line":30,"column":47}}],"line":25}},"s":{"0":1,"1":2,"2":2,"3":0,"4":0,"5":0,"6":0,"7":0,"8":0,"9":0,"10":0,"11":2,"12":2,"13":2,"14":0},"f":{"0":2,"1":0,"2":0,"3":0},"b":{"0":[0,0],"1":[0,0]},"_coverageSchema":"1a1c01bbd47fc00a2c39e90264f33305004495a9","hash":"6a9c65085807d2a57a8cbed452987e9706208420"}
,"C:\\Users\\viann_bo8t5s6\\Desktop\\Viannez\\Project1_WarehouseManagement\\warehouse-frontend\\src\\pages\\WarehousePage.jsx": {"path":"C:\\Users\\viann_bo8t5s6\\Desktop\\Viannez\\Project1_WarehouseManagement\\warehouse-frontend\\src\\pages\\WarehousePage.jsx","statementMap":{"0":{"start":{"line":9,"column":27},"end":{"line":9,"column":38}},"1":{"start":{"line":12,"column":4},"end":{"line":12,"column":28}},"2":{"start":{"line":14,"column":2},"end":{"line":35,"column":3}}},"fnMap":{"0":{"name":"WarehousePage","decl":{"start":{"line":8,"column":9},"end":{"line":8,"column":22}},"loc":{"start":{"line":8,"column":25},"end":{"line":36,"column":1}},"line":8},"1":{"name":"getIndex","decl":{"start":{"line":10,"column":11},"end":{"line":10,"column":19}},"loc":{"start":{"line":11,"column":2},"end":{"line":13,"column":3}},"line":11}},"branchMap":{},"s":{"0":2,"1":0,"2":2},"f":{"0":2,"1":0},"b":{},"_coverageSchema":"1a1c01bbd47fc00a2c39e90264f33305004495a9","hash":"982d4e2729d0a11282e161d73f22e6ab48fd25c1"}
}
