TN:
SF:src\categories\Utils\GetWarehouses.jsx
FN:5,GetWarehouses
FN:18,(anonymous_1)
FN:20,(anonymous_2)
FN:21,(anonymous_3)
FN:24,(anonymous_4)
FNF:5
FNH:2
FNDA:2,GetWarehouses
FNDA:2,(anonymous_1)
FNDA:0,(anonymous_2)
FNDA:0,(anonymous_3)
FNDA:0,(anonymous_4)
DA:7,2
DA:8,2
DA:9,0
DA:12,2
DA:13,2
DA:15,2
DA:16,2
DA:18,2
DA:19,2
DA:20,0
DA:22,0
DA:24,0
DA:28,2
DA:29,2
LF:14
LH:10
BRDA:8,0,0,0
BRDA:8,0,1,2
BRF:2
BRH:1
end_of_record
TN:
SF:src\categories\Warehouse\AddWarehouse.jsx
FN:6,(anonymous_0)
FN:9,handleSubmit
FN:31,(anonymous_2)
FN:32,(anonymous_3)
FN:48,(anonymous_4)
FNF:5
FNH:0
FNDA:0,(anonymous_0)
FNDA:0,handleSubmit
FNDA:0,(anonymous_2)
FNDA:0,(anonymous_3)
FNDA:0,(anonymous_4)
DA:6,1
DA:7,0
DA:8,0
DA:10,0
DA:11,0
DA:12,0
DA:14,0
DA:20,0
DA:22,0
DA:24,0
DA:31,0
DA:34,0
DA:36,0
DA:39,0
DA:41,0
DA:45,0
DA:49,0
DA:50,0
DA:54,0
LF:19
LH:1
BRDA:34,0,0,0
BRDA:34,0,1,0
BRDA:39,1,0,0
BRDA:39,1,1,0
BRDA:71,2,0,0
BRDA:71,2,1,0
BRF:6
BRH:0
end_of_record
TN:
SF:src\categories\Warehouse\AddWarehouseModal.jsx
FN:8,AddWarehouseModal
FN:11,(anonymous_1)
FN:12,(anonymous_2)
FNF:3
FNH:1
FNDA:2,AddWarehouseModal
FNDA:0,(anonymous_1)
FNDA:0,(anonymous_2)
DA:10,2
DA:11,2
DA:12,2
DA:13,2
LF:4
LH:4
BRF:0
BRH:0
end_of_record
TN:
SF:src\categories\Warehouse\WarehouseCard.jsx
FN:9,(anonymous_0)
FN:12,handleClick
FN:21,(anonymous_2)
FN:22,(anonymous_3)
FN:25,(anonymous_4)
FN:28,(anonymous_5)
FNF:6
FNH:0
FNDA:0,(anonymous_0)
FNDA:0,handleClick
FNDA:0,(anonymous_2)
FNDA:0,(anonymous_3)
FNDA:0,(anonymous_4)
FNDA:0,(anonymous_5)
DA:9,1
DA:13,0
DA:15,0
DA:21,0
DA:23,0
DA:26,0
DA:29,0
DA:32,0
LF:8
LH:1
BRF:0
BRH:0
end_of_record
TN:
SF:src\categories\Warehouse\WarehouseList.jsx
FN:7,(anonymous_0)
FN:14,(anonymous_1)
FN:18,(anonymous_2)
FN:24,(anonymous_3)
FNF:4
FNH:1
FNDA:2,(anonymous_0)
FNDA:0,(anonymous_1)
FNDA:0,(anonymous_2)
FNDA:0,(anonymous_3)
DA:7,1
DA:8,2
DA:10,2
DA:13,0
DA:14,0
DA:15,0
DA:17,0
DA:18,0
DA:19,0
DA:22,2
DA:23,2
DA:24,2
DA:25,0
LF:13
LH:6
BRDA:10,0,0,0
BRDA:10,0,1,0
BRDA:25,1,0,0
BRDA:25,1,1,0
BRF:4
BRH:0
end_of_record
TN:
SF:src\pages\WarehousePage.jsx
FN:8,WarehousePage
FN:10,getIndex
FNF:2
FNH:1
FNDA:2,WarehousePage
FNDA:0,getIndex
DA:9,2
DA:12,0
DA:14,2
LF:3
LH:2
BRF:0
BRH:0
end_of_record
